[NX Daemon Server] - 2024-06-05T11:50:15.183Z - Started listening on: /var/folders/hr/fdt56frx71gdkjsl0y6l9q2c0000gn/T/b6f624c897614c75a9aa/d.sock
[NX Daemon Server] - 2024-06-05T11:50:15.185Z - [WATCHER]: Subscribed to changes within: /Users/takanome/Developer/perso/packages/personal-tooling (native)
[NX Daemon Server] - 2024-06-05T11:50:15.186Z - Established a connection. Number of open connections: 1
[NX Daemon Server] - 2024-06-05T11:50:15.187Z - Established a connection. Number of open connections: 2
[NX Daemon Server] - 2024-06-05T11:50:15.188Z - Closed a connection. Number of open connections: 1
[NX Daemon Server] - 2024-06-05T11:50:15.189Z - [REQUEST]: Client Request for Project Graph Received
[NX Daemon Server] - 2024-06-05T11:50:15.206Z - [REQUEST]: Updated workspace context based on watched changes, recomputing project graph...
[NX Daemon Server] - 2024-06-05T11:50:15.206Z - [REQUEST]: 
[NX Daemon Server] - 2024-06-05T11:50:15.206Z - [REQUEST]: 
[NX Daemon Server] - 2024-06-05T11:50:15.878Z - [REQUEST]: Responding to the client. project-graph
[NX Daemon Server] - 2024-06-05T11:50:15.879Z - Time taken for 'total for creating and serializing project graph' 688.4432370066643ms
[NX Daemon Server] - 2024-06-05T11:50:15.887Z - Done responding to the client project-graph
[NX Daemon Server] - 2024-06-05T11:50:15.887Z - Handled REQUEST_PROJECT_GRAPH. Handling time: 688. Response time: 10.
[NX Daemon Server] - 2024-06-05T11:50:15.890Z - [REQUEST]: Responding to the client. handleRequestFileData
[NX Daemon Server] - 2024-06-05T11:50:15.891Z - Done responding to the client handleRequestFileData
[NX Daemon Server] - 2024-06-05T11:50:15.891Z - Handled REQUEST_FILE_DATA. Handling time: 0. Response time: 1.
[NX Daemon Server] - 2024-06-05T11:50:15.892Z - Closed a connection. Number of open connections: 0
[NX Daemon Server] - 2024-06-05T11:50:15.922Z - Established a connection. Number of open connections: 1
[NX Daemon Server] - 2024-06-05T11:50:15.922Z - Established a connection. Number of open connections: 2
[NX Daemon Server] - 2024-06-05T11:50:15.922Z - Closed a connection. Number of open connections: 1
[NX Daemon Server] - 2024-06-05T11:50:15.923Z - [REQUEST]: Client Request for Project Graph Received
[NX Daemon Server] - 2024-06-05T11:50:15.924Z - [REQUEST]: Responding to the client. project-graph
[NX Daemon Server] - 2024-06-05T11:50:15.925Z - Time taken for 'total for creating and serializing project graph' 1.1366170048713684ms
[NX Daemon Server] - 2024-06-05T11:50:15.927Z - Done responding to the client project-graph
[NX Daemon Server] - 2024-06-05T11:50:15.927Z - Handled REQUEST_PROJECT_GRAPH. Handling time: 1. Response time: 3.
[NX Daemon Server] - 2024-06-05T11:50:15.929Z - [REQUEST]: Client Request for Project Graph Received
[NX Daemon Server] - 2024-06-05T11:50:15.930Z - [REQUEST]: Responding to the client. project-graph
[NX Daemon Server] - 2024-06-05T11:50:15.931Z - Time taken for 'total for creating and serializing project graph' 0.9261049926280975ms
[NX Daemon Server] - 2024-06-05T11:50:15.932Z - Done responding to the client project-graph
[NX Daemon Server] - 2024-06-05T11:50:15.932Z - Handled REQUEST_PROJECT_GRAPH. Handling time: 1. Response time: 2.
[NX Daemon Server] - 2024-06-05T11:50:15.935Z - Established a connection. Number of open connections: 2
[NX Daemon Server] - 2024-06-05T11:54:39.931Z - [WATCHER]: packages/eslint-config/index.js was modified
[NX Daemon Server] - 2024-06-05T11:54:39.932Z - [REQUEST]: Responding to the client. File watch changed
[NX Daemon Server] - 2024-06-05T11:54:39.932Z - Done responding to the client File watch changed
[NX Daemon Server] - 2024-06-05T11:54:39.932Z - Handled FILE-WATCH-CHANGED. Handling time: 0. Response time: 0.
[NX Daemon Server] - 2024-06-05T11:54:39.932Z - [WATCHER]: Processing file changes in outputs
[NX Daemon Server] - 2024-06-05T11:54:39.933Z - Time taken for 'changed-projects' 0.11983799934387207ms
[NX Daemon Server] - 2024-06-05T11:54:40.035Z - [REQUEST]: Updated workspace context based on watched changes, recomputing project graph...
[NX Daemon Server] - 2024-06-05T11:54:40.035Z - [REQUEST]: packages/eslint-config/index.js
[NX Daemon Server] - 2024-06-05T11:54:40.035Z - [REQUEST]: 
[NX Daemon Server] - 2024-06-05T11:54:40.069Z - Time taken for 'Load Nx Plugin: /Users/takanome/Developer/perso/packages/personal-tooling/node_modules/.pnpm/nx@19.1.0/node_modules/nx/src/plugins/project-json/build-nodes/package-json-next-to-project-json' 0.5550890117883682ms
[NX Daemon Server] - 2024-06-05T11:54:40.938Z - [REQUEST]: Client Request for Project Graph Received
[NX Daemon Server] - 2024-06-05T11:54:40.953Z - [REQUEST]: Responding to the client. project-graph
[NX Daemon Server] - 2024-06-05T11:54:40.955Z - Time taken for 'total for creating and serializing project graph' 15.234405994415283ms
[NX Daemon Server] - 2024-06-05T11:54:40.959Z - Done responding to the client project-graph
[NX Daemon Server] - 2024-06-05T11:54:40.959Z - Handled REQUEST_PROJECT_GRAPH. Handling time: 15. Response time: 6.
[NX Daemon Server] - 2024-06-05T11:54:40.963Z - [REQUEST]: Responding to the client. handleRequestFileData
[NX Daemon Server] - 2024-06-05T11:54:40.963Z - Done responding to the client handleRequestFileData
[NX Daemon Server] - 2024-06-05T11:54:40.963Z - Handled REQUEST_FILE_DATA. Handling time: 1. Response time: 0.
[NX Daemon Server] - 2024-06-05T11:54:40.963Z - Closed a connection. Number of open connections: 1
[NX Daemon Server] - 2024-06-05T11:54:40.969Z - Closed a connection. Number of open connections: 0
[NX Daemon Server] - 2024-06-05T11:54:40.970Z - Established a connection. Number of open connections: 1
[NX Daemon Server] - 2024-06-05T11:54:40.970Z - Established a connection. Number of open connections: 2
[NX Daemon Server] - 2024-06-05T11:54:40.970Z - Closed a connection. Number of open connections: 1
[NX Daemon Server] - 2024-06-05T11:54:40.971Z - [REQUEST]: Client Request for Project Graph Received
[NX Daemon Server] - 2024-06-05T11:54:40.972Z - [REQUEST]: Responding to the client. project-graph
[NX Daemon Server] - 2024-06-05T11:54:40.973Z - Time taken for 'total for creating and serializing project graph' 0.8700319975614548ms
[NX Daemon Server] - 2024-06-05T11:54:40.974Z - Done responding to the client project-graph
[NX Daemon Server] - 2024-06-05T11:54:40.974Z - Handled REQUEST_PROJECT_GRAPH. Handling time: 1. Response time: 2.
[NX Daemon Server] - 2024-06-05T11:54:40.977Z - [REQUEST]: Client Request for Project Graph Received
[NX Daemon Server] - 2024-06-05T11:54:40.978Z - [REQUEST]: Responding to the client. project-graph
[NX Daemon Server] - 2024-06-05T11:54:40.979Z - Time taken for 'total for creating and serializing project graph' 0.8892890065908432ms
[NX Daemon Server] - 2024-06-05T11:54:40.982Z - Done responding to the client project-graph
[NX Daemon Server] - 2024-06-05T11:54:40.982Z - Handled REQUEST_PROJECT_GRAPH. Handling time: 1. Response time: 4.
[NX Daemon Server] - 2024-06-05T11:54:40.984Z - Established a connection. Number of open connections: 2
[NX Daemon Server] - 2024-06-05T11:54:41.760Z - [WATCHER]: packages/eslint-config/index.js was modified
[NX Daemon Server] - 2024-06-05T11:54:41.760Z - [REQUEST]: Responding to the client. File watch changed
[NX Daemon Server] - 2024-06-05T11:54:41.760Z - Done responding to the client File watch changed
[NX Daemon Server] - 2024-06-05T11:54:41.760Z - Handled FILE-WATCH-CHANGED. Handling time: 0. Response time: 0.
[NX Daemon Server] - 2024-06-05T11:54:41.760Z - [WATCHER]: Processing file changes in outputs
[NX Daemon Server] - 2024-06-05T11:54:41.761Z - Time taken for 'changed-projects' 0.09665699303150177ms
[NX Daemon Server] - 2024-06-05T11:54:41.861Z - [REQUEST]: Updated workspace context based on watched changes, recomputing project graph...
[NX Daemon Server] - 2024-06-05T11:54:41.861Z - [REQUEST]: packages/eslint-config/index.js
[NX Daemon Server] - 2024-06-05T11:54:41.861Z - [REQUEST]: 
[NX Daemon Server] - 2024-06-05T11:54:41.888Z - Time taken for 'Load Nx Plugin: /Users/takanome/Developer/perso/packages/personal-tooling/node_modules/.pnpm/nx@19.1.0/node_modules/nx/src/plugins/project-json/build-nodes/package-json-next-to-project-json' 0.43993499875068665ms
[NX Daemon Server] - 2024-06-05T11:54:42.764Z - [REQUEST]: Client Request for Project Graph Received
[NX Daemon Server] - 2024-06-05T11:54:42.765Z - [REQUEST]: Responding to the client. project-graph
[NX Daemon Server] - 2024-06-05T11:54:42.766Z - Time taken for 'total for creating and serializing project graph' 0.9020480066537857ms
[NX Daemon Server] - 2024-06-05T11:54:42.769Z - Done responding to the client project-graph
[NX Daemon Server] - 2024-06-05T11:54:42.769Z - Handled REQUEST_PROJECT_GRAPH. Handling time: 1. Response time: 4.
[NX Daemon Server] - 2024-06-05T11:54:42.772Z - [REQUEST]: Responding to the client. handleRequestFileData
[NX Daemon Server] - 2024-06-05T11:54:42.772Z - Done responding to the client handleRequestFileData
[NX Daemon Server] - 2024-06-05T11:54:42.772Z - Handled REQUEST_FILE_DATA. Handling time: 0. Response time: 0.
[NX Daemon Server] - 2024-06-05T11:54:42.773Z - Closed a connection. Number of open connections: 1
[NX Daemon Server] - 2024-06-05T11:54:42.778Z - Closed a connection. Number of open connections: 0
[NX Daemon Server] - 2024-06-05T11:54:42.778Z - Established a connection. Number of open connections: 1
[NX Daemon Server] - 2024-06-05T11:54:42.779Z - Established a connection. Number of open connections: 2
[NX Daemon Server] - 2024-06-05T11:54:42.779Z - Closed a connection. Number of open connections: 1
[NX Daemon Server] - 2024-06-05T11:54:42.779Z - [REQUEST]: Client Request for Project Graph Received
[NX Daemon Server] - 2024-06-05T11:54:42.780Z - [REQUEST]: Responding to the client. project-graph
[NX Daemon Server] - 2024-06-05T11:54:42.781Z - Time taken for 'total for creating and serializing project graph' 0.8485649973154068ms
[NX Daemon Server] - 2024-06-05T11:54:42.783Z - Done responding to the client project-graph
[NX Daemon Server] - 2024-06-05T11:54:42.783Z - Handled REQUEST_PROJECT_GRAPH. Handling time: 1. Response time: 3.
[NX Daemon Server] - 2024-06-05T11:54:42.786Z - [REQUEST]: Client Request for Project Graph Received
[NX Daemon Server] - 2024-06-05T11:54:42.787Z - [REQUEST]: Responding to the client. project-graph
[NX Daemon Server] - 2024-06-05T11:54:42.788Z - Time taken for 'total for creating and serializing project graph' 0.8864369988441467ms
[NX Daemon Server] - 2024-06-05T11:54:42.791Z - Done responding to the client project-graph
[NX Daemon Server] - 2024-06-05T11:54:42.791Z - Handled REQUEST_PROJECT_GRAPH. Handling time: 1. Response time: 4.
[NX Daemon Server] - 2024-06-05T11:54:42.794Z - Established a connection. Number of open connections: 2
[NX Daemon Server] - 2024-06-05T11:56:00.306Z - [WATCHER]: .changeset/nine-meals-complain.md was created or restored
[NX Daemon Server] - 2024-06-05T11:56:00.306Z - [WATCHER]: Processing file changes in outputs
[NX Daemon Server] - 2024-06-05T11:56:00.408Z - [REQUEST]: Updated workspace context based on watched changes, recomputing project graph...
[NX Daemon Server] - 2024-06-05T11:56:00.408Z - [REQUEST]: .changeset/nine-meals-complain.md
[NX Daemon Server] - 2024-06-05T11:56:00.408Z - [REQUEST]: 
[NX Daemon Server] - 2024-06-05T11:56:00.434Z - [REQUEST]: Responding to the client. File watch changed
[NX Daemon Server] - 2024-06-05T11:56:00.434Z - Done responding to the client File watch changed
[NX Daemon Server] - 2024-06-05T11:56:00.434Z - Handled FILE-WATCH-CHANGED. Handling time: 0. Response time: 0.
[NX Daemon Server] - 2024-06-05T11:56:00.434Z - Time taken for 'Load Nx Plugin: /Users/takanome/Developer/perso/packages/personal-tooling/node_modules/.pnpm/nx@19.1.0/node_modules/nx/src/plugins/project-json/build-nodes/package-json-next-to-project-json' 0.521002009510994ms
[NX Daemon Server] - 2024-06-05T11:56:01.438Z - [REQUEST]: Client Request for Project Graph Received
[NX Daemon Server] - 2024-06-05T11:56:01.439Z - [REQUEST]: Responding to the client. project-graph
[NX Daemon Server] - 2024-06-05T11:56:01.441Z - Time taken for 'total for creating and serializing project graph' 1.1495150029659271ms
[NX Daemon Server] - 2024-06-05T11:56:01.443Z - Done responding to the client project-graph
[NX Daemon Server] - 2024-06-05T11:56:01.443Z - Handled REQUEST_PROJECT_GRAPH. Handling time: 1. Response time: 4.
[NX Daemon Server] - 2024-06-05T11:56:01.447Z - [REQUEST]: Responding to the client. handleRequestFileData
[NX Daemon Server] - 2024-06-05T11:56:01.447Z - Done responding to the client handleRequestFileData
[NX Daemon Server] - 2024-06-05T11:56:01.447Z - Handled REQUEST_FILE_DATA. Handling time: 0. Response time: 0.
[NX Daemon Server] - 2024-06-05T11:56:01.448Z - Closed a connection. Number of open connections: 1
[NX Daemon Server] - 2024-06-05T11:56:01.453Z - Closed a connection. Number of open connections: 0
[NX Daemon Server] - 2024-06-05T11:56:01.454Z - Established a connection. Number of open connections: 1
[NX Daemon Server] - 2024-06-05T11:56:01.454Z - Closed a connection. Number of open connections: 0
[NX Daemon Server] - 2024-06-05T11:56:01.454Z - Established a connection. Number of open connections: 1
[NX Daemon Server] - 2024-06-05T11:56:01.454Z - [REQUEST]: Client Request for Project Graph Received
[NX Daemon Server] - 2024-06-05T11:56:01.455Z - [REQUEST]: Responding to the client. project-graph
[NX Daemon Server] - 2024-06-05T11:56:01.457Z - Time taken for 'total for creating and serializing project graph' 0.8892090022563934ms
[NX Daemon Server] - 2024-06-05T11:56:01.458Z - Done responding to the client project-graph
[NX Daemon Server] - 2024-06-05T11:56:01.458Z - Handled REQUEST_PROJECT_GRAPH. Handling time: 1. Response time: 3.
[NX Daemon Server] - 2024-06-05T11:56:01.461Z - [REQUEST]: Client Request for Project Graph Received
[NX Daemon Server] - 2024-06-05T11:56:01.462Z - [REQUEST]: Responding to the client. project-graph
[NX Daemon Server] - 2024-06-05T11:56:01.463Z - Time taken for 'total for creating and serializing project graph' 0.8920470029115677ms
[NX Daemon Server] - 2024-06-05T11:56:01.465Z - Done responding to the client project-graph
[NX Daemon Server] - 2024-06-05T11:56:01.465Z - Handled REQUEST_PROJECT_GRAPH. Handling time: 1. Response time: 3.
[NX Daemon Server] - 2024-06-05T11:56:01.467Z - Established a connection. Number of open connections: 2
[NX Daemon Server] - 2024-06-05T11:56:30.132Z - [WATCHER]: .changeset/nine-meals-complain.md was deleted
[NX Daemon Server] - 2024-06-05T11:56:30.133Z - [REQUEST]: Responding to the client. File watch changed
[NX Daemon Server] - 2024-06-05T11:56:30.133Z - Done responding to the client File watch changed
[NX Daemon Server] - 2024-06-05T11:56:30.133Z - Handled FILE-WATCH-CHANGED. Handling time: 0. Response time: 0.
[NX Daemon Server] - 2024-06-05T11:56:30.133Z - [WATCHER]: Processing file changes in outputs
[NX Daemon Server] - 2024-06-05T11:56:30.133Z - Time taken for 'changed-projects' 0.09184698760509491ms
[NX Daemon Server] - 2024-06-05T11:56:30.236Z - [REQUEST]: Updated workspace context based on watched changes, recomputing project graph...
[NX Daemon Server] - 2024-06-05T11:56:30.236Z - [REQUEST]: 
[NX Daemon Server] - 2024-06-05T11:56:30.236Z - [REQUEST]: .changeset/nine-meals-complain.md
[NX Daemon Server] - 2024-06-05T11:56:30.280Z - Time taken for 'Load Nx Plugin: /Users/takanome/Developer/perso/packages/personal-tooling/node_modules/.pnpm/nx@19.1.0/node_modules/nx/src/plugins/project-json/build-nodes/package-json-next-to-project-json' 0.4406230002641678ms
[NX Daemon Server] - 2024-06-05T11:56:31.137Z - [REQUEST]: Client Request for Project Graph Received
[NX Daemon Server] - 2024-06-05T11:56:31.138Z - [REQUEST]: Responding to the client. project-graph
[NX Daemon Server] - 2024-06-05T11:56:31.139Z - Time taken for 'total for creating and serializing project graph' 0.9885960072278976ms
[NX Daemon Server] - 2024-06-05T11:56:31.141Z - Done responding to the client project-graph
[NX Daemon Server] - 2024-06-05T11:56:31.141Z - Handled REQUEST_PROJECT_GRAPH. Handling time: 1. Response time: 3.
[NX Daemon Server] - 2024-06-05T11:56:31.144Z - [REQUEST]: Responding to the client. handleRequestFileData
[NX Daemon Server] - 2024-06-05T11:56:31.144Z - Done responding to the client handleRequestFileData
[NX Daemon Server] - 2024-06-05T11:56:31.144Z - Handled REQUEST_FILE_DATA. Handling time: 0. Response time: 0.
[NX Daemon Server] - 2024-06-05T11:56:31.145Z - Closed a connection. Number of open connections: 1
[NX Daemon Server] - 2024-06-05T11:56:31.150Z - Closed a connection. Number of open connections: 0
[NX Daemon Server] - 2024-06-05T11:56:31.150Z - Established a connection. Number of open connections: 1
[NX Daemon Server] - 2024-06-05T11:56:31.150Z - Established a connection. Number of open connections: 2
[NX Daemon Server] - 2024-06-05T11:56:31.151Z - Closed a connection. Number of open connections: 1
[NX Daemon Server] - 2024-06-05T11:56:31.151Z - [REQUEST]: Client Request for Project Graph Received
[NX Daemon Server] - 2024-06-05T11:56:31.152Z - [REQUEST]: Responding to the client. project-graph
[NX Daemon Server] - 2024-06-05T11:56:31.153Z - Time taken for 'total for creating and serializing project graph' 0.9148869961500168ms
[NX Daemon Server] - 2024-06-05T11:56:31.154Z - Done responding to the client project-graph
[NX Daemon Server] - 2024-06-05T11:56:31.154Z - Handled REQUEST_PROJECT_GRAPH. Handling time: 1. Response time: 2.
[NX Daemon Server] - 2024-06-05T11:56:31.157Z - [REQUEST]: Client Request for Project Graph Received
[NX Daemon Server] - 2024-06-05T11:56:31.158Z - [REQUEST]: Responding to the client. project-graph
[NX Daemon Server] - 2024-06-05T11:56:31.160Z - Time taken for 'total for creating and serializing project graph' 0.9226740002632141ms
[NX Daemon Server] - 2024-06-05T11:56:31.161Z - Done responding to the client project-graph
[NX Daemon Server] - 2024-06-05T11:56:31.161Z - Handled REQUEST_PROJECT_GRAPH. Handling time: 1. Response time: 3.
[NX Daemon Server] - 2024-06-05T11:56:31.163Z - Established a connection. Number of open connections: 2
[NX Daemon Server] - 2024-06-05T11:57:46.750Z - [WATCHER]: .changeset/wise-adults-build.md was created or restored
[NX Daemon Server] - 2024-06-05T11:57:46.751Z - [WATCHER]: Processing file changes in outputs
[NX Daemon Server] - 2024-06-05T11:57:46.852Z - [REQUEST]: Updated workspace context based on watched changes, recomputing project graph...
[NX Daemon Server] - 2024-06-05T11:57:46.852Z - [REQUEST]: .changeset/wise-adults-build.md
[NX Daemon Server] - 2024-06-05T11:57:46.852Z - [REQUEST]: 
[NX Daemon Server] - 2024-06-05T11:57:46.880Z - [REQUEST]: Responding to the client. File watch changed
[NX Daemon Server] - 2024-06-05T11:57:46.880Z - Done responding to the client File watch changed
[NX Daemon Server] - 2024-06-05T11:57:46.880Z - Handled FILE-WATCH-CHANGED. Handling time: 0. Response time: 0.
[NX Daemon Server] - 2024-06-05T11:57:46.880Z - Time taken for 'Load Nx Plugin: /Users/takanome/Developer/perso/packages/personal-tooling/node_modules/.pnpm/nx@19.1.0/node_modules/nx/src/plugins/project-json/build-nodes/package-json-next-to-project-json' 0.4465309977531433ms
[NX Daemon Server] - 2024-06-05T11:57:47.885Z - [REQUEST]: Client Request for Project Graph Received
[NX Daemon Server] - 2024-06-05T11:57:47.886Z - [REQUEST]: Responding to the client. project-graph
[NX Daemon Server] - 2024-06-05T11:57:47.887Z - Time taken for 'total for creating and serializing project graph' 1.0858570039272308ms
[NX Daemon Server] - 2024-06-05T11:57:47.889Z - Done responding to the client project-graph
[NX Daemon Server] - 2024-06-05T11:57:47.889Z - Handled REQUEST_PROJECT_GRAPH. Handling time: 1. Response time: 3.
[NX Daemon Server] - 2024-06-05T11:57:47.892Z - [REQUEST]: Responding to the client. handleRequestFileData
[NX Daemon Server] - 2024-06-05T11:57:47.892Z - Done responding to the client handleRequestFileData
[NX Daemon Server] - 2024-06-05T11:57:47.892Z - Handled REQUEST_FILE_DATA. Handling time: 0. Response time: 0.
[NX Daemon Server] - 2024-06-05T11:57:47.893Z - Closed a connection. Number of open connections: 1
[NX Daemon Server] - 2024-06-05T11:57:47.898Z - Closed a connection. Number of open connections: 0
[NX Daemon Server] - 2024-06-05T11:57:47.898Z - Established a connection. Number of open connections: 1
[NX Daemon Server] - 2024-06-05T11:57:47.899Z - Established a connection. Number of open connections: 2
[NX Daemon Server] - 2024-06-05T11:57:47.899Z - Closed a connection. Number of open connections: 1
[NX Daemon Server] - 2024-06-05T11:57:47.899Z - [REQUEST]: Client Request for Project Graph Received
[NX Daemon Server] - 2024-06-05T11:57:47.900Z - [REQUEST]: Responding to the client. project-graph
[NX Daemon Server] - 2024-06-05T11:57:47.901Z - Time taken for 'total for creating and serializing project graph' 0.9180489927530289ms
[NX Daemon Server] - 2024-06-05T11:57:47.903Z - Done responding to the client project-graph
[NX Daemon Server] - 2024-06-05T11:57:47.903Z - Handled REQUEST_PROJECT_GRAPH. Handling time: 1. Response time: 3.
[NX Daemon Server] - 2024-06-05T11:57:47.906Z - [REQUEST]: Client Request for Project Graph Received
[NX Daemon Server] - 2024-06-05T11:57:47.907Z - [REQUEST]: Responding to the client. project-graph
[NX Daemon Server] - 2024-06-05T11:57:47.908Z - Time taken for 'total for creating and serializing project graph' 0.8904459923505783ms
[NX Daemon Server] - 2024-06-05T11:57:47.910Z - Done responding to the client project-graph
[NX Daemon Server] - 2024-06-05T11:57:47.910Z - Handled REQUEST_PROJECT_GRAPH. Handling time: 1. Response time: 3.
[NX Daemon Server] - 2024-06-05T11:57:47.912Z - Established a connection. Number of open connections: 2
[NX Daemon Server] - 2024-06-05T11:57:57.050Z - [WATCHER]: packages/eslint-config/package.json was modified
[NX Daemon Server] - 2024-06-05T11:57:57.050Z - [REQUEST]: Responding to the client. File watch changed
[NX Daemon Server] - 2024-06-05T11:57:57.050Z - Done responding to the client File watch changed
[NX Daemon Server] - 2024-06-05T11:57:57.050Z - Handled FILE-WATCH-CHANGED. Handling time: 0. Response time: 0.
[NX Daemon Server] - 2024-06-05T11:57:57.050Z - [WATCHER]: Processing file changes in outputs
[NX Daemon Server] - 2024-06-05T11:57:57.050Z - Time taken for 'changed-projects' 0.035850003361701965ms
[NX Daemon Server] - 2024-06-05T11:57:57.123Z - [WATCHER]: 0 file(s) created or restored, 1 file(s) modified, 1 file(s) deleted
[NX Daemon Server] - 2024-06-05T11:57:57.123Z - [REQUEST]: Responding to the client. File watch changed
[NX Daemon Server] - 2024-06-05T11:57:57.123Z - Done responding to the client File watch changed
[NX Daemon Server] - 2024-06-05T11:57:57.123Z - Handled FILE-WATCH-CHANGED. Handling time: 0. Response time: 0.
[NX Daemon Server] - 2024-06-05T11:57:57.123Z - [WATCHER]: Processing file changes in outputs
[NX Daemon Server] - 2024-06-05T11:57:57.123Z - Time taken for 'changed-projects' 0.04078800976276398ms
[NX Daemon Server] - 2024-06-05T11:57:57.152Z - [REQUEST]: Updated workspace context based on watched changes, recomputing project graph...
[NX Daemon Server] - 2024-06-05T11:57:57.152Z - [REQUEST]: packages/eslint-config/package.json,packages/eslint-config/CHANGELOG.md
[NX Daemon Server] - 2024-06-05T11:57:57.152Z - [REQUEST]: .changeset/wise-adults-build.md
[NX Daemon Server] - 2024-06-05T11:57:57.180Z - Time taken for 'Load Nx Plugin: /Users/takanome/Developer/perso/packages/personal-tooling/node_modules/.pnpm/nx@19.1.0/node_modules/nx/src/plugins/project-json/build-nodes/package-json-next-to-project-json' 0.4032119959592819ms
[NX Daemon Server] - 2024-06-05T11:57:58.127Z - [REQUEST]: Client Request for Project Graph Received
[NX Daemon Server] - 2024-06-05T11:57:58.128Z - [REQUEST]: Responding to the client. project-graph
[NX Daemon Server] - 2024-06-05T11:57:58.129Z - Time taken for 'total for creating and serializing project graph' 0.9189279973506927ms
[NX Daemon Server] - 2024-06-05T11:57:58.132Z - Done responding to the client project-graph
[NX Daemon Server] - 2024-06-05T11:57:58.132Z - Handled REQUEST_PROJECT_GRAPH. Handling time: 1. Response time: 4.
[NX Daemon Server] - 2024-06-05T11:57:58.135Z - [REQUEST]: Responding to the client. handleRequestFileData
[NX Daemon Server] - 2024-06-05T11:57:58.135Z - Done responding to the client handleRequestFileData
[NX Daemon Server] - 2024-06-05T11:57:58.135Z - Handled REQUEST_FILE_DATA. Handling time: 0. Response time: 0.
[NX Daemon Server] - 2024-06-05T11:57:58.136Z - Closed a connection. Number of open connections: 1
[NX Daemon Server] - 2024-06-05T11:57:58.141Z - Closed a connection. Number of open connections: 0
[NX Daemon Server] - 2024-06-05T11:57:58.142Z - Established a connection. Number of open connections: 1
[NX Daemon Server] - 2024-06-05T11:57:58.142Z - Established a connection. Number of open connections: 2
[NX Daemon Server] - 2024-06-05T11:57:58.142Z - Closed a connection. Number of open connections: 1
[NX Daemon Server] - 2024-06-05T11:57:58.143Z - [REQUEST]: Client Request for Project Graph Received
[NX Daemon Server] - 2024-06-05T11:57:58.143Z - [REQUEST]: Responding to the client. project-graph
[NX Daemon Server] - 2024-06-05T11:57:58.144Z - Time taken for 'total for creating and serializing project graph' 0.8333770036697388ms
[NX Daemon Server] - 2024-06-05T11:57:58.146Z - Done responding to the client project-graph
[NX Daemon Server] - 2024-06-05T11:57:58.146Z - Handled REQUEST_PROJECT_GRAPH. Handling time: 0. Response time: 3.
[NX Daemon Server] - 2024-06-05T11:57:58.149Z - [REQUEST]: Client Request for Project Graph Received
[NX Daemon Server] - 2024-06-05T11:57:58.150Z - [REQUEST]: Responding to the client. project-graph
[NX Daemon Server] - 2024-06-05T11:57:58.152Z - Time taken for 'total for creating and serializing project graph' 0.8377089947462082ms
[NX Daemon Server] - 2024-06-05T11:57:58.159Z - Done responding to the client project-graph
[NX Daemon Server] - 2024-06-05T11:57:58.159Z - Handled REQUEST_PROJECT_GRAPH. Handling time: 1. Response time: 9.
[NX Daemon Server] - 2024-06-05T11:57:58.162Z - Established a connection. Number of open connections: 2
